{"total": {"lines":{"total":5422,"covered":3520,"skipped":0,"pct":64.92},"statements":{"total":6258,"covered":3889,"skipped":0,"pct":62.14},"functions":{"total":1290,"covered":823,"skipped":0,"pct":63.79},"branches":{"total":4213,"covered":2331,"skipped":0,"pct":55.32},"branchesTrue":{"total":0,"covered":0,"skipped":0,"pct":100}}
,"/home/alex/Development/nextcloud-dev/mobile/seacheck/src/features/downloads/BoundsAreaSchematic.tsx": {"lines":{"total":30,"covered":26,"skipped":0,"pct":86.66},"functions":{"total":11,"covered":7,"skipped":0,"pct":63.63},"statements":{"total":40,"covered":32,"skipped":0,"pct":80},"branches":{"total":10,"covered":8,"skipped":0,"pct":80}}
,"/home/alex/Development/nextcloud-dev/mobile/seacheck/src/features/downloads/downloadsLayoutHelpers.ts": {"lines":{"total":4,"covered":4,"skipped":0,"pct":100},"functions":{"total":4,"covered":4,"skipped":0,"pct":100},"statements":{"total":5,"covered":5,"skipped":0,"pct":100},"branches":{"total":7,"covered":7,"skipped":0,"pct":100}}
,"/home/alex/Development/nextcloud-dev/mobile/seacheck/src/features/downloads/packDownloadPresentation.ts": {"lines":{"total":34,"covered":30,"skipped":0,"pct":88.23},"functions":{"total":13,"covered":13,"skipped":0,"pct":100},"statements":{"total":49,"covered":40,"skipped":0,"pct":81.63},"branches":{"total":52,"covered":41,"skipped":0,"pct":78.84}}
,"/home/alex/Development/nextcloud-dev/mobile/seacheck/src/features/map/DepthOverlay.tsx": {"lines":{"total":5,"covered":5,"skipped":0,"pct":100},"functions":{"total":3,"covered":3,"skipped":0,"pct":100},"statements":{"total":8,"covered":8,"skipped":0,"pct":100},"branches":{"total":2,"covered":2,"skipped":0,"pct":100}}
,"/home/alex/Development/nextcloud-dev/mobile/seacheck/src/features/map/MapOverlays.tsx": {"lines":{"total":112,"covered":22,"skipped":0,"pct":19.64},"functions":{"total":44,"covered":2,"skipped":0,"pct":4.54},"statements":{"total":146,"covered":25,"skipped":0,"pct":17.12},"branches":{"total":86,"covered":8,"skipped":0,"pct":9.3}}
,"/home/alex/Development/nextcloud-dev/mobile/seacheck/src/features/map/MapStatusChipRow.tsx": {"lines":{"total":3,"covered":1,"skipped":0,"pct":33.33},"functions":{"total":2,"covered":1,"skipped":0,"pct":50},"statements":{"total":3,"covered":1,"skipped":0,"pct":33.33},"branches":{"total":0,"covered":0,"skipped":0,"pct":100}}
,"/home/alex/Development/nextcloud-dev/mobile/seacheck/src/features/map/ScreenLockCoordinator.tsx": {"lines":{"total":16,"covered":16,"skipped":0,"pct":100},"functions":{"total":5,"covered":5,"skipped":0,"pct":100},"statements":{"total":20,"covered":19,"skipped":0,"pct":95},"branches":{"total":4,"covered":3,"skipped":0,"pct":75}}
,"/home/alex/Development/nextcloud-dev/mobile/seacheck/src/features/map/instrumentDetailMetrics.ts": {"lines":{"total":14,"covered":14,"skipped":0,"pct":100},"functions":{"total":1,"covered":1,"skipped":0,"pct":100},"statements":{"total":14,"covered":14,"skipped":0,"pct":100},"branches":{"total":32,"covered":24,"skipped":0,"pct":75}}
,"/home/alex/Development/nextcloud-dev/mobile/seacheck/src/features/map/mapChromeInsets.ts": {"lines":{"total":3,"covered":3,"skipped":0,"pct":100},"functions":{"total":1,"covered":1,"skipped":0,"pct":100},"statements":{"total":3,"covered":3,"skipped":0,"pct":100},"branches":{"total":1,"covered":0,"skipped":0,"pct":0}}
,"/home/alex/Development/nextcloud-dev/mobile/seacheck/src/features/map/mapChromeLayout.ts": {"lines":{"total":37,"covered":37,"skipped":0,"pct":100},"functions":{"total":6,"covered":6,"skipped":0,"pct":100},"statements":{"total":39,"covered":39,"skipped":0,"pct":100},"branches":{"total":32,"covered":32,"skipped":0,"pct":100}}
,"/home/alex/Development/nextcloud-dev/mobile/seacheck/src/features/map/mapSafetyActionsLayout.ts": {"lines":{"total":22,"covered":22,"skipped":0,"pct":100},"functions":{"total":4,"covered":4,"skipped":0,"pct":100},"statements":{"total":22,"covered":22,"skipped":0,"pct":100},"branches":{"total":38,"covered":35,"skipped":0,"pct":92.1}}
,"/home/alex/Development/nextcloud-dev/mobile/seacheck/src/features/map/mapSurfaceMode.ts": {"lines":{"total":22,"covered":22,"skipped":0,"pct":100},"functions":{"total":1,"covered":1,"skipped":0,"pct":100},"statements":{"total":22,"covered":22,"skipped":0,"pct":100},"branches":{"total":32,"covered":31,"skipped":0,"pct":96.87}}
,"/home/alex/Development/nextcloud-dev/mobile/seacheck/src/hooks/useMapLibreNetworkSync.ts": {"lines":{"total":18,"covered":17,"skipped":0,"pct":94.44},"functions":{"total":14,"covered":10,"skipped":0,"pct":71.42},"statements":{"total":28,"covered":24,"skipped":0,"pct":85.71},"branches":{"total":8,"covered":8,"skipped":0,"pct":100}}
,"/home/alex/Development/nextcloud-dev/mobile/seacheck/src/hooks/usePassageDeactivate.ts": {"lines":{"total":17,"covered":17,"skipped":0,"pct":100},"functions":{"total":6,"covered":6,"skipped":0,"pct":100},"statements":{"total":23,"covered":21,"skipped":0,"pct":91.3},"branches":{"total":4,"covered":2,"skipped":0,"pct":50}}
,"/home/alex/Development/nextcloud-dev/mobile/seacheck/src/i18n/index.ts": {"lines":{"total":57,"covered":6,"skipped":0,"pct":10.52},"functions":{"total":16,"covered":1,"skipped":0,"pct":6.25},"statements":{"total":63,"covered":6,"skipped":0,"pct":9.52},"branches":{"total":41,"covered":0,"skipped":0,"pct":0}}
,"/home/alex/Development/nextcloud-dev/mobile/seacheck/src/lib/alarms/alarmCoordinator.ts": {"lines":{"total":132,"covered":42,"skipped":0,"pct":31.81},"functions":{"total":27,"covered":10,"skipped":0,"pct":37.03},"statements":{"total":144,"covered":48,"skipped":0,"pct":33.33},"branches":{"total":119,"covered":32,"skipped":0,"pct":26.89}}
,"/home/alex/Development/nextcloud-dev/mobile/seacheck/src/lib/alarms/alarmLimits.ts": {"lines":{"total":13,"covered":13,"skipped":0,"pct":100},"functions":{"total":3,"covered":3,"skipped":0,"pct":100},"statements":{"total":17,"covered":15,"skipped":0,"pct":88.23},"branches":{"total":8,"covered":6,"skipped":0,"pct":75}}
,"/home/alex/Development/nextcloud-dev/mobile/seacheck/src/lib/alarms/alarmRuntimeState.ts": {"lines":{"total":11,"covered":3,"skipped":0,"pct":27.27},"functions":{"total":3,"covered":1,"skipped":0,"pct":33.33},"statements":{"total":12,"covered":3,"skipped":0,"pct":25},"branches":{"total":2,"covered":0,"skipped":0,"pct":0}}
,"/home/alex/Development/nextcloud-dev/mobile/seacheck/src/lib/alarms/evaluateForegroundSafetyAlarms.ts": {"lines":{"total":16,"covered":15,"skipped":0,"pct":93.75},"functions":{"total":3,"covered":3,"skipped":0,"pct":100},"statements":{"total":17,"covered":15,"skipped":0,"pct":88.23},"branches":{"total":20,"covered":15,"skipped":0,"pct":75}}
,"/home/alex/Development/nextcloud-dev/mobile/seacheck/src/lib/alarms/foregroundAlarmPipeline.ts": {"lines":{"total":10,"covered":8,"skipped":0,"pct":80},"functions":{"total":2,"covered":1,"skipped":0,"pct":50},"statements":{"total":10,"covered":8,"skipped":0,"pct":80},"branches":{"total":7,"covered":6,"skipped":0,"pct":85.71}}
,"/home/alex/Development/nextcloud-dev/mobile/seacheck/src/lib/alarms/processLocationAlarms.ts": {"lines":{"total":86,"covered":64,"skipped":0,"pct":74.41},"functions":{"total":3,"covered":3,"skipped":0,"pct":100},"statements":{"total":87,"covered":65,"skipped":0,"pct":74.71},"branches":{"total":110,"covered":65,"skipped":0,"pct":59.09}}
,"/home/alex/Development/nextcloud-dev/mobile/seacheck/src/lib/anchor/activateAnchorAlarm.ts": {"lines":{"total":44,"covered":38,"skipped":0,"pct":86.36},"functions":{"total":3,"covered":3,"skipped":0,"pct":100},"statements":{"total":46,"covered":39,"skipped":0,"pct":84.78},"branches":{"total":32,"covered":19,"skipped":0,"pct":59.37}}
,"/home/alex/Development/nextcloud-dev/mobile/seacheck/src/lib/anchor/anchorDrift.ts": {"lines":{"total":4,"covered":4,"skipped":0,"pct":100},"functions":{"total":1,"covered":1,"skipped":0,"pct":100},"statements":{"total":7,"covered":6,"skipped":0,"pct":85.71},"branches":{"total":8,"covered":7,"skipped":0,"pct":87.5}}
,"/home/alex/Development/nextcloud-dev/mobile/seacheck/src/lib/anchor/anchorLimitedChrome.ts": {"lines":{"total":2,"covered":2,"skipped":0,"pct":100},"functions":{"total":1,"covered":1,"skipped":0,"pct":100},"statements":{"total":3,"covered":3,"skipped":0,"pct":100},"branches":{"total":5,"covered":5,"skipped":0,"pct":100}}
,"/home/alex/Development/nextcloud-dev/mobile/seacheck/src/lib/async/promiseWithTimeout.ts": {"lines":{"total":13,"covered":12,"skipped":0,"pct":92.3},"functions":{"total":6,"covered":6,"skipped":0,"pct":100},"statements":{"total":13,"covered":12,"skipped":0,"pct":92.3},"branches":{"total":4,"covered":3,"skipped":0,"pct":75}}
,"/home/alex/Development/nextcloud-dev/mobile/seacheck/src/lib/async/yieldToUi.ts": {"lines":{"total":6,"covered":5,"skipped":0,"pct":83.33},"functions":{"total":3,"covered":3,"skipped":0,"pct":100},"statements":{"total":6,"covered":5,"skipped":0,"pct":83.33},"branches":{"total":2,"covered":1,"skipped":0,"pct":50}}
,"/home/alex/Development/nextcloud-dev/mobile/seacheck/src/lib/db/database.ts": {"lines":{"total":14,"covered":2,"skipped":0,"pct":14.28},"functions":{"total":6,"covered":1,"skipped":0,"pct":16.66},"statements":{"total":14,"covered":2,"skipped":0,"pct":14.28},"branches":{"total":2,"covered":0,"skipped":0,"pct":0}}
,"/home/alex/Development/nextcloud-dev/mobile/seacheck/src/lib/emergency/copyMaydayClipboard.ts": {"lines":{"total":17,"covered":13,"skipped":0,"pct":76.47},"functions":{"total":4,"covered":2,"skipped":0,"pct":50},"statements":{"total":20,"covered":13,"skipped":0,"pct":65},"branches":{"total":18,"covered":13,"skipped":0,"pct":72.22}}
,"/home/alex/Development/nextcloud-dev/mobile/seacheck/src/lib/emergency/maydayMessage.ts": {"lines":{"total":22,"covered":21,"skipped":0,"pct":95.45},"functions":{"total":5,"covered":5,"skipped":0,"pct":100},"statements":{"total":22,"covered":21,"skipped":0,"pct":95.45},"branches":{"total":21,"covered":19,"skipped":0,"pct":90.47}}
,"/home/alex/Development/nextcloud-dev/mobile/seacheck/src/lib/geo/backgroundLocationHealth.ts": {"lines":{"total":13,"covered":2,"skipped":0,"pct":15.38},"functions":{"total":5,"covered":0,"skipped":0,"pct":0},"statements":{"total":15,"covered":2,"skipped":0,"pct":13.33},"branches":{"total":4,"covered":0,"skipped":0,"pct":0}}
,"/home/alex/Development/nextcloud-dev/mobile/seacheck/src/lib/geo/boatIcon.ts": {"lines":{"total":21,"covered":21,"skipped":0,"pct":100},"functions":{"total":4,"covered":4,"skipped":0,"pct":100},"statements":{"total":22,"covered":22,"skipped":0,"pct":100},"branches":{"total":6,"covered":5,"skipped":0,"pct":83.33}}
,"/home/alex/Development/nextcloud-dev/mobile/seacheck/src/lib/geo/cog.ts": {"lines":{"total":19,"covered":16,"skipped":0,"pct":84.21},"functions":{"total":4,"covered":3,"skipped":0,"pct":75},"statements":{"total":25,"covered":19,"skipped":0,"pct":76},"branches":{"total":24,"covered":16,"skipped":0,"pct":66.66}}
,"/home/alex/Development/nextcloud-dev/mobile/seacheck/src/lib/geo/courseVector.ts": {"lines":{"total":44,"covered":43,"skipped":0,"pct":97.72},"functions":{"total":8,"covered":8,"skipped":0,"pct":100},"statements":{"total":46,"covered":45,"skipped":0,"pct":97.82},"branches":{"total":33,"covered":26,"skipped":0,"pct":78.78}}
,"/home/alex/Development/nextcloud-dev/mobile/seacheck/src/lib/geo/fixAge.ts": {"lines":{"total":6,"covered":6,"skipped":0,"pct":100},"functions":{"total":2,"covered":2,"skipped":0,"pct":100},"statements":{"total":8,"covered":6,"skipped":0,"pct":75},"branches":{"total":5,"covered":3,"skipped":0,"pct":60}}
,"/home/alex/Development/nextcloud-dev/mobile/seacheck/src/lib/geo/fixQuality.ts": {"lines":{"total":19,"covered":18,"skipped":0,"pct":94.73},"functions":{"total":6,"covered":6,"skipped":0,"pct":100},"statements":{"total":30,"covered":23,"skipped":0,"pct":76.66},"branches":{"total":40,"covered":30,"skipped":0,"pct":75}}
,"/home/alex/Development/nextcloud-dev/mobile/seacheck/src/lib/geo/foregroundGpsDemand.ts": {"lines":{"total":21,"covered":19,"skipped":0,"pct":90.47},"functions":{"total":4,"covered":4,"skipped":0,"pct":100},"statements":{"total":30,"covered":26,"skipped":0,"pct":86.66},"branches":{"total":28,"covered":21,"skipped":0,"pct":75}}
,"/home/alex/Development/nextcloud-dev/mobile/seacheck/src/lib/geo/gpsFilter.ts": {"lines":{"total":43,"covered":38,"skipped":0,"pct":88.37},"functions":{"total":6,"covered":6,"skipped":0,"pct":100},"statements":{"total":54,"covered":41,"skipped":0,"pct":75.92},"branches":{"total":53,"covered":32,"skipped":0,"pct":60.37}}
,"/home/alex/Development/nextcloud-dev/mobile/seacheck/src/lib/geo/gpsLocationOptions.ts": {"lines":{"total":4,"covered":3,"skipped":0,"pct":75},"functions":{"total":2,"covered":1,"skipped":0,"pct":50},"statements":{"total":4,"covered":3,"skipped":0,"pct":75},"branches":{"total":2,"covered":2,"skipped":0,"pct":100}}
,"/home/alex/Development/nextcloud-dev/mobile/seacheck/src/lib/geo/leeway.ts": {"lines":{"total":11,"covered":11,"skipped":0,"pct":100},"functions":{"total":4,"covered":4,"skipped":0,"pct":100},"statements":{"total":15,"covered":13,"skipped":0,"pct":86.66},"branches":{"total":22,"covered":19,"skipped":0,"pct":86.36}}
,"/home/alex/Development/nextcloud-dev/mobile/seacheck/src/lib/geo/magnetic.ts": {"lines":{"total":15,"covered":9,"skipped":0,"pct":60},"functions":{"total":5,"covered":2,"skipped":0,"pct":40},"statements":{"total":18,"covered":9,"skipped":0,"pct":50},"branches":{"total":16,"covered":11,"skipped":0,"pct":68.75}}
,"/home/alex/Development/nextcloud-dev/mobile/seacheck/src/lib/geo/navigation.ts": {"lines":{"total":29,"covered":28,"skipped":0,"pct":96.55},"functions":{"total":9,"covered":8,"skipped":0,"pct":88.88},"statements":{"total":33,"covered":28,"skipped":0,"pct":84.84},"branches":{"total":10,"covered":6,"skipped":0,"pct":60}}
,"/home/alex/Development/nextcloud-dev/mobile/seacheck/src/lib/geo/nearestTrackPoint.ts": {"lines":{"total":22,"covered":22,"skipped":0,"pct":100},"functions":{"total":2,"covered":2,"skipped":0,"pct":100},"statements":{"total":25,"covered":25,"skipped":0,"pct":100},"branches":{"total":16,"covered":16,"skipped":0,"pct":100}}
,"/home/alex/Development/nextcloud-dev/mobile/seacheck/src/lib/geo/nearestWaypoint.ts": {"lines":{"total":10,"covered":10,"skipped":0,"pct":100},"functions":{"total":1,"covered":1,"skipped":0,"pct":100},"statements":{"total":11,"covered":11,"skipped":0,"pct":100},"branches":{"total":7,"covered":5,"skipped":0,"pct":71.42}}
,"/home/alex/Development/nextcloud-dev/mobile/seacheck/src/lib/geo/pathDistance.ts": {"lines":{"total":11,"covered":11,"skipped":0,"pct":100},"functions":{"total":7,"covered":7,"skipped":0,"pct":100},"statements":{"total":15,"covered":15,"skipped":0,"pct":100},"branches":{"total":5,"covered":5,"skipped":0,"pct":100}}
,"/home/alex/Development/nextcloud-dev/mobile/seacheck/src/lib/geo/syncForegroundLocationWatch.ts": {"lines":{"total":58,"covered":52,"skipped":0,"pct":89.65},"functions":{"total":11,"covered":10,"skipped":0,"pct":90.9},"statements":{"total":65,"covered":57,"skipped":0,"pct":87.69},"branches":{"total":60,"covered":50,"skipped":0,"pct":83.33}}
,"/home/alex/Development/nextcloud-dev/mobile/seacheck/src/lib/geo/units.ts": {"lines":{"total":45,"covered":38,"skipped":0,"pct":84.44},"functions":{"total":10,"covered":10,"skipped":0,"pct":100},"statements":{"total":51,"covered":39,"skipped":0,"pct":76.47},"branches":{"total":52,"covered":38,"skipped":0,"pct":73.07}}
,"/home/alex/Development/nextcloud-dev/mobile/seacheck/src/lib/gpx/gpx.ts": {"lines":{"total":23,"covered":21,"skipped":0,"pct":91.3},"functions":{"total":8,"covered":7,"skipped":0,"pct":87.5},"statements":{"total":25,"covered":22,"skipped":0,"pct":88},"branches":{"total":18,"covered":9,"skipped":0,"pct":50}}
,"/home/alex/Development/nextcloud-dev/mobile/seacheck/src/lib/map/bounds.ts": {"lines":{"total":53,"covered":51,"skipped":0,"pct":96.22},"functions":{"total":9,"covered":9,"skipped":0,"pct":100},"statements":{"total":56,"covered":53,"skipped":0,"pct":94.64},"branches":{"total":28,"covered":23,"skipped":0,"pct":82.14}}
,"/home/alex/Development/nextcloud-dev/mobile/seacheck/src/lib/map/chartMapGlPolicy.ts": {"lines":{"total":21,"covered":20,"skipped":0,"pct":95.23},"functions":{"total":4,"covered":4,"skipped":0,"pct":100},"statements":{"total":35,"covered":28,"skipped":0,"pct":80},"branches":{"total":34,"covered":27,"skipped":0,"pct":79.41}}
,"/home/alex/Development/nextcloud-dev/mobile/seacheck/src/lib/map/chartRasterVisibility.ts": {"lines":{"total":11,"covered":10,"skipped":0,"pct":90.9},"functions":{"total":4,"covered":4,"skipped":0,"pct":100},"statements":{"total":17,"covered":15,"skipped":0,"pct":88.23},"branches":{"total":16,"covered":14,"skipped":0,"pct":87.5}}
,"/home/alex/Development/nextcloud-dev/mobile/seacheck/src/lib/map/chartSymbolScale.ts": {"lines":{"total":42,"covered":39,"skipped":0,"pct":92.85},"functions":{"total":10,"covered":10,"skipped":0,"pct":100},"statements":{"total":53,"covered":40,"skipped":0,"pct":75.47},"branches":{"total":51,"covered":33,"skipped":0,"pct":64.7}}
,"/home/alex/Development/nextcloud-dev/mobile/seacheck/src/lib/map/chartTileQuality.ts": {"lines":{"total":2,"covered":2,"skipped":0,"pct":100},"functions":{"total":1,"covered":1,"skipped":0,"pct":100},"statements":{"total":2,"covered":2,"skipped":0,"pct":100},"branches":{"total":0,"covered":0,"skipped":0,"pct":100}}
,"/home/alex/Development/nextcloud-dev/mobile/seacheck/src/lib/map/configureChartTileHttp.ts": {"lines":{"total":10,"covered":10,"skipped":0,"pct":100},"functions":{"total":3,"covered":3,"skipped":0,"pct":100},"statements":{"total":11,"covered":11,"skipped":0,"pct":100},"branches":{"total":4,"covered":4,"skipped":0,"pct":100}}
,"/home/alex/Development/nextcloud-dev/mobile/seacheck/src/lib/map/coordDisplayLayout.ts": {"lines":{"total":8,"covered":8,"skipped":0,"pct":100},"functions":{"total":2,"covered":2,"skipped":0,"pct":100},"statements":{"total":10,"covered":9,"skipped":0,"pct":90},"branches":{"total":6,"covered":5,"skipped":0,"pct":83.33}}
,"/home/alex/Development/nextcloud-dev/mobile/seacheck/src/lib/map/coordInput.ts": {"lines":{"total":6,"covered":6,"skipped":0,"pct":100},"functions":{"total":1,"covered":1,"skipped":0,"pct":100},"statements":{"total":8,"covered":8,"skipped":0,"pct":100},"branches":{"total":6,"covered":5,"skipped":0,"pct":83.33}}
,"/home/alex/Development/nextcloud-dev/mobile/seacheck/src/lib/map/coverage.ts": {"lines":{"total":99,"covered":94,"skipped":0,"pct":94.94},"functions":{"total":14,"covered":14,"skipped":0,"pct":100},"statements":{"total":120,"covered":109,"skipped":0,"pct":90.83},"branches":{"total":54,"covered":39,"skipped":0,"pct":72.22}}
,"/home/alex/Development/nextcloud-dev/mobile/seacheck/src/lib/map/customDownloadCorners.ts": {"lines":{"total":24,"covered":24,"skipped":0,"pct":100},"functions":{"total":6,"covered":6,"skipped":0,"pct":100},"statements":{"total":27,"covered":27,"skipped":0,"pct":100},"branches":{"total":11,"covered":8,"skipped":0,"pct":72.72}}
,"/home/alex/Development/nextcloud-dev/mobile/seacheck/src/lib/map/customDownloadOverlay.ts": {"lines":{"total":19,"covered":19,"skipped":0,"pct":100},"functions":{"total":4,"covered":4,"skipped":0,"pct":100},"statements":{"total":21,"covered":21,"skipped":0,"pct":100},"branches":{"total":18,"covered":17,"skipped":0,"pct":94.44}}
,"/home/alex/Development/nextcloud-dev/mobile/seacheck/src/lib/map/embeddedChartMapRegistry.ts": {"lines":{"total":16,"covered":11,"skipped":0,"pct":68.75},"functions":{"total":9,"covered":5,"skipped":0,"pct":55.55},"statements":{"total":21,"covered":12,"skipped":0,"pct":57.14},"branches":{"total":4,"covered":3,"skipped":0,"pct":75}}
,"/home/alex/Development/nextcloud-dev/mobile/seacheck/src/lib/map/hiddenMapEngineLayout.ts": {"lines":{"total":1,"covered":1,"skipped":0,"pct":100},"functions":{"total":0,"covered":0,"skipped":0,"pct":100},"statements":{"total":1,"covered":1,"skipped":0,"pct":100},"branches":{"total":0,"covered":0,"skipped":0,"pct":100}}
,"/home/alex/Development/nextcloud-dev/mobile/seacheck/src/lib/map/mapAccessibility.ts": {"lines":{"total":30,"covered":26,"skipped":0,"pct":86.66},"functions":{"total":1,"covered":1,"skipped":0,"pct":100},"statements":{"total":30,"covered":26,"skipped":0,"pct":86.66},"branches":{"total":50,"covered":37,"skipped":0,"pct":74}}
,"/home/alex/Development/nextcloud-dev/mobile/seacheck/src/lib/map/mapCameraFollow.ts": {"lines":{"total":20,"covered":20,"skipped":0,"pct":100},"functions":{"total":5,"covered":5,"skipped":0,"pct":100},"statements":{"total":23,"covered":23,"skipped":0,"pct":100},"branches":{"total":24,"covered":24,"skipped":0,"pct":100}}
,"/home/alex/Development/nextcloud-dev/mobile/seacheck/src/lib/map/mapChartInteraction.ts": {"lines":{"total":23,"covered":19,"skipped":0,"pct":82.6},"functions":{"total":4,"covered":4,"skipped":0,"pct":100},"statements":{"total":33,"covered":24,"skipped":0,"pct":72.72},"branches":{"total":33,"covered":22,"skipped":0,"pct":66.66}}
,"/home/alex/Development/nextcloud-dev/mobile/seacheck/src/lib/map/mapScreenFocus.ts": {"lines":{"total":10,"covered":8,"skipped":0,"pct":80},"functions":{"total":5,"covered":3,"skipped":0,"pct":60},"statements":{"total":13,"covered":8,"skipped":0,"pct":61.53},"branches":{"total":2,"covered":1,"skipped":0,"pct":50}}
,"/home/alex/Development/nextcloud-dev/mobile/seacheck/src/lib/map/mapScreenLayoutPolicy.ts": {"lines":{"total":4,"covered":4,"skipped":0,"pct":100},"functions":{"total":3,"covered":3,"skipped":0,"pct":100},"statements":{"total":5,"covered":5,"skipped":0,"pct":100},"branches":{"total":9,"covered":9,"skipped":0,"pct":100}}
,"/home/alex/Development/nextcloud-dev/mobile/seacheck/src/lib/map/mapVisibleWaypoints.ts": {"lines":{"total":5,"covered":5,"skipped":0,"pct":100},"functions":{"total":3,"covered":3,"skipped":0,"pct":100},"statements":{"total":8,"covered":8,"skipped":0,"pct":100},"branches":{"total":0,"covered":0,"skipped":0,"pct":100}}
,"/home/alex/Development/nextcloud-dev/mobile/seacheck/src/lib/map/passageBounds.ts": {"lines":{"total":29,"covered":29,"skipped":0,"pct":100},"functions":{"total":3,"covered":3,"skipped":0,"pct":100},"statements":{"total":31,"covered":29,"skipped":0,"pct":93.54},"branches":{"total":4,"covered":2,"skipped":0,"pct":50}}
,"/home/alex/Development/nextcloud-dev/mobile/seacheck/src/lib/navigation/shellLayoutPolicy.ts": {"lines":{"total":2,"covered":2,"skipped":0,"pct":100},"functions":{"total":2,"covered":2,"skipped":0,"pct":100},"statements":{"total":2,"covered":2,"skipped":0,"pct":100},"branches":{"total":0,"covered":0,"skipped":0,"pct":100}}
,"/home/alex/Development/nextcloud-dev/mobile/seacheck/src/lib/navigation/tabBarGeometry.ts": {"lines":{"total":4,"covered":4,"skipped":0,"pct":100},"functions":{"total":2,"covered":2,"skipped":0,"pct":100},"statements":{"total":4,"covered":4,"skipped":0,"pct":100},"branches":{"total":0,"covered":0,"skipped":0,"pct":100}}
,"/home/alex/Development/nextcloud-dev/mobile/seacheck/src/lib/network/chartTileProbeCenter.ts": {"lines":{"total":6,"covered":6,"skipped":0,"pct":100},"functions":{"total":1,"covered":1,"skipped":0,"pct":100},"statements":{"total":9,"covered":8,"skipped":0,"pct":88.88},"branches":{"total":6,"covered":5,"skipped":0,"pct":83.33}}
,"/home/alex/Development/nextcloud-dev/mobile/seacheck/src/lib/network/chartTileReachability.ts": {"lines":{"total":108,"covered":92,"skipped":0,"pct":85.18},"functions":{"total":19,"covered":17,"skipped":0,"pct":89.47},"statements":{"total":114,"covered":97,"skipped":0,"pct":85.08},"branches":{"total":52,"covered":40,"skipped":0,"pct":76.92}}
,"/home/alex/Development/nextcloud-dev/mobile/seacheck/src/lib/network/connectivity.ts": {"lines":{"total":36,"covered":13,"skipped":0,"pct":36.11},"functions":{"total":17,"covered":6,"skipped":0,"pct":35.29},"statements":{"total":41,"covered":15,"skipped":0,"pct":36.58},"branches":{"total":11,"covered":8,"skipped":0,"pct":72.72}}
,"/home/alex/Development/nextcloud-dev/mobile/seacheck/src/lib/network/downloadNetwork.ts": {"lines":{"total":6,"covered":6,"skipped":0,"pct":100},"functions":{"total":2,"covered":2,"skipped":0,"pct":100},"statements":{"total":6,"covered":6,"skipped":0,"pct":100},"branches":{"total":4,"covered":4,"skipped":0,"pct":100}}
,"/home/alex/Development/nextcloud-dev/mobile/seacheck/src/lib/network/downloadPolicy.ts": {"lines":{"total":12,"covered":12,"skipped":0,"pct":100},"functions":{"total":3,"covered":3,"skipped":0,"pct":100},"statements":{"total":14,"covered":14,"skipped":0,"pct":100},"branches":{"total":13,"covered":12,"skipped":0,"pct":92.3}}
,"/home/alex/Development/nextcloud-dev/mobile/seacheck/src/lib/network/fetchWithTimeout.ts": {"lines":{"total":5,"covered":5,"skipped":0,"pct":100},"functions":{"total":3,"covered":2,"skipped":0,"pct":66.66},"statements":{"total":7,"covered":6,"skipped":0,"pct":85.71},"branches":{"total":5,"covered":5,"skipped":0,"pct":100}}
,"/home/alex/Development/nextcloud-dev/mobile/seacheck/src/lib/network/mapLibreNetworkGate.ts": {"lines":{"total":6,"covered":5,"skipped":0,"pct":83.33},"functions":{"total":2,"covered":2,"skipped":0,"pct":100},"statements":{"total":8,"covered":7,"skipped":0,"pct":87.5},"branches":{"total":8,"covered":7,"skipped":0,"pct":87.5}}
,"/home/alex/Development/nextcloud-dev/mobile/seacheck/src/lib/offline/ambientCache.ts": {"lines":{"total":1,"covered":1,"skipped":0,"pct":100},"functions":{"total":0,"covered":0,"skipped":0,"pct":100},"statements":{"total":1,"covered":1,"skipped":0,"pct":100},"branches":{"total":0,"covered":0,"skipped":0,"pct":100}}
,"/home/alex/Development/nextcloud-dev/mobile/seacheck/src/lib/offline/basemapMigration.ts": {"lines":{"total":42,"covered":38,"skipped":0,"pct":90.47},"functions":{"total":6,"covered":4,"skipped":0,"pct":66.66},"statements":{"total":44,"covered":38,"skipped":0,"pct":86.36},"branches":{"total":22,"covered":18,"skipped":0,"pct":81.81}}
,"/home/alex/Development/nextcloud-dev/mobile/seacheck/src/lib/offline/beginDownloadSession.ts": {"lines":{"total":8,"covered":5,"skipped":0,"pct":62.5},"functions":{"total":2,"covered":2,"skipped":0,"pct":100},"statements":{"total":10,"covered":6,"skipped":0,"pct":60},"branches":{"total":6,"covered":3,"skipped":0,"pct":50}}
,"/home/alex/Development/nextcloud-dev/mobile/seacheck/src/lib/offline/buildDownloadFailureReport.ts": {"lines":{"total":28,"covered":26,"skipped":0,"pct":92.85},"functions":{"total":2,"covered":2,"skipped":0,"pct":100},"statements":{"total":28,"covered":26,"skipped":0,"pct":92.85},"branches":{"total":57,"covered":40,"skipped":0,"pct":70.17}}
,"/home/alex/Development/nextcloud-dev/mobile/seacheck/src/lib/offline/downloadCoordinator.ts": {"lines":{"total":118,"covered":117,"skipped":0,"pct":99.15},"functions":{"total":33,"covered":33,"skipped":0,"pct":100},"statements":{"total":136,"covered":130,"skipped":0,"pct":95.58},"branches":{"total":89,"covered":75,"skipped":0,"pct":84.26}}
,"/home/alex/Development/nextcloud-dev/mobile/seacheck/src/lib/offline/downloadFailureDiagnostics.ts": {"lines":{"total":9,"covered":6,"skipped":0,"pct":66.66},"functions":{"total":6,"covered":4,"skipped":0,"pct":66.66},"statements":{"total":9,"covered":6,"skipped":0,"pct":66.66},"branches":{"total":0,"covered":0,"skipped":0,"pct":100}}
,"/home/alex/Development/nextcloud-dev/mobile/seacheck/src/lib/offline/downloadMapConstants.ts": {"lines":{"total":9,"covered":9,"skipped":0,"pct":100},"functions":{"total":5,"covered":5,"skipped":0,"pct":100},"statements":{"total":9,"covered":9,"skipped":0,"pct":100},"branches":{"total":8,"covered":4,"skipped":0,"pct":50}}
,"/home/alex/Development/nextcloud-dev/mobile/seacheck/src/lib/offline/downloadMapHost.ts": {"lines":{"total":107,"covered":78,"skipped":0,"pct":72.89},"functions":{"total":40,"covered":25,"skipped":0,"pct":62.5},"statements":{"total":134,"covered":87,"skipped":0,"pct":64.92},"branches":{"total":67,"covered":41,"skipped":0,"pct":61.19}}
,"/home/alex/Development/nextcloud-dev/mobile/seacheck/src/lib/offline/downloadMapSlot.ts": {"lines":{"total":34,"covered":23,"skipped":0,"pct":67.64},"functions":{"total":16,"covered":10,"skipped":0,"pct":62.5},"statements":{"total":41,"covered":27,"skipped":0,"pct":65.85},"branches":{"total":20,"covered":14,"skipped":0,"pct":70}}
,"/home/alex/Development/nextcloud-dev/mobile/seacheck/src/lib/offline/downloadStallWatchdog.ts": {"lines":{"total":110,"covered":101,"skipped":0,"pct":91.81},"functions":{"total":7,"covered":7,"skipped":0,"pct":100},"statements":{"total":115,"covered":105,"skipped":0,"pct":91.3},"branches":{"total":89,"covered":79,"skipped":0,"pct":88.76}}
,"/home/alex/Development/nextcloud-dev/mobile/seacheck/src/lib/offline/downloadTiming.ts": {"lines":{"total":4,"covered":4,"skipped":0,"pct":100},"functions":{"total":2,"covered":2,"skipped":0,"pct":100},"statements":{"total":4,"covered":4,"skipped":0,"pct":100},"branches":{"total":5,"covered":4,"skipped":0,"pct":80}}
,"/home/alex/Development/nextcloud-dev/mobile/seacheck/src/lib/offline/nativePackProgress.ts": {"lines":{"total":12,"covered":12,"skipped":0,"pct":100},"functions":{"total":4,"covered":4,"skipped":0,"pct":100},"statements":{"total":20,"covered":14,"skipped":0,"pct":70},"branches":{"total":26,"covered":18,"skipped":0,"pct":69.23}}
,"/home/alex/Development/nextcloud-dev/mobile/seacheck/src/lib/offline/nativePackRecovery.ts": {"lines":{"total":31,"covered":27,"skipped":0,"pct":87.09},"functions":{"total":3,"covered":3,"skipped":0,"pct":100},"statements":{"total":38,"covered":30,"skipped":0,"pct":78.94},"branches":{"total":16,"covered":6,"skipped":0,"pct":37.5}}
,"/home/alex/Development/nextcloud-dev/mobile/seacheck/src/lib/offline/nativePackStatus.ts": {"lines":{"total":21,"covered":19,"skipped":0,"pct":90.47},"functions":{"total":7,"covered":7,"skipped":0,"pct":100},"statements":{"total":24,"covered":21,"skipped":0,"pct":87.5},"branches":{"total":24,"covered":22,"skipped":0,"pct":91.66}}
,"/home/alex/Development/nextcloud-dev/mobile/seacheck/src/lib/offline/offlineManagerSetup.ts": {"lines":{"total":10,"covered":2,"skipped":0,"pct":20},"functions":{"total":3,"covered":1,"skipped":0,"pct":33.33},"statements":{"total":10,"covered":2,"skipped":0,"pct":20},"branches":{"total":2,"covered":0,"skipped":0,"pct":0}}
,"/home/alex/Development/nextcloud-dev/mobile/seacheck/src/lib/offline/offlineMapEngineHost.ts": {"lines":{"total":162,"covered":133,"skipped":0,"pct":82.09},"functions":{"total":46,"covered":30,"skipped":0,"pct":65.21},"statements":{"total":201,"covered":150,"skipped":0,"pct":74.62},"branches":{"total":90,"covered":58,"skipped":0,"pct":64.44}}
,"/home/alex/Development/nextcloud-dev/mobile/seacheck/src/lib/offline/offlinePackIndex.ts": {"lines":{"total":38,"covered":38,"skipped":0,"pct":100},"functions":{"total":6,"covered":6,"skipped":0,"pct":100},"statements":{"total":52,"covered":47,"skipped":0,"pct":90.38},"branches":{"total":83,"covered":74,"skipped":0,"pct":89.15}}
,"/home/alex/Development/nextcloud-dev/mobile/seacheck/src/lib/offline/reportDownloadFailure.ts": {"lines":{"total":26,"covered":15,"skipped":0,"pct":57.69},"functions":{"total":5,"covered":3,"skipped":0,"pct":60},"statements":{"total":28,"covered":16,"skipped":0,"pct":57.14},"branches":{"total":32,"covered":9,"skipped":0,"pct":28.12}}
,"/home/alex/Development/nextcloud-dev/mobile/seacheck/src/lib/offline/reportDownloadOutcome.ts": {"lines":{"total":8,"covered":8,"skipped":0,"pct":100},"functions":{"total":1,"covered":1,"skipped":0,"pct":100},"statements":{"total":8,"covered":8,"skipped":0,"pct":100},"branches":{"total":8,"covered":7,"skipped":0,"pct":87.5}}
,"/home/alex/Development/nextcloud-dev/mobile/seacheck/src/lib/offline/resolveOfflineEngineCamera.ts": {"lines":{"total":10,"covered":10,"skipped":0,"pct":100},"functions":{"total":1,"covered":1,"skipped":0,"pct":100},"statements":{"total":12,"covered":11,"skipped":0,"pct":91.66},"branches":{"total":6,"covered":5,"skipped":0,"pct":83.33}}
,"/home/alex/Development/nextcloud-dev/mobile/seacheck/src/lib/offline/sealDurableOfflinePack.ts": {"lines":{"total":83,"covered":49,"skipped":0,"pct":59.03},"functions":{"total":17,"covered":8,"skipped":0,"pct":47.05},"statements":{"total":95,"covered":51,"skipped":0,"pct":53.68},"branches":{"total":56,"covered":17,"skipped":0,"pct":30.35}}
,"/home/alex/Development/nextcloud-dev/mobile/seacheck/src/lib/offline/storageCheck.ts": {"lines":{"total":15,"covered":14,"skipped":0,"pct":93.33},"functions":{"total":1,"covered":1,"skipped":0,"pct":100},"statements":{"total":15,"covered":14,"skipped":0,"pct":93.33},"branches":{"total":12,"covered":11,"skipped":0,"pct":91.66}}
,"/home/alex/Development/nextcloud-dev/mobile/seacheck/src/lib/offline/tileCacheDownload.ts": {"lines":{"total":57,"covered":48,"skipped":0,"pct":84.21},"functions":{"total":10,"covered":10,"skipped":0,"pct":100},"statements":{"total":61,"covered":51,"skipped":0,"pct":83.6},"branches":{"total":42,"covered":30,"skipped":0,"pct":71.42}}
,"/home/alex/Development/nextcloud-dev/mobile/seacheck/src/lib/offline/tileGrid.ts": {"lines":{"total":27,"covered":27,"skipped":0,"pct":100},"functions":{"total":5,"covered":5,"skipped":0,"pct":100},"statements":{"total":31,"covered":30,"skipped":0,"pct":96.77},"branches":{"total":2,"covered":1,"skipped":0,"pct":50}}
,"/home/alex/Development/nextcloud-dev/mobile/seacheck/src/lib/offline/waitForDownloadSessionKickoff.ts": {"lines":{"total":42,"covered":36,"skipped":0,"pct":85.71},"functions":{"total":10,"covered":10,"skipped":0,"pct":100},"statements":{"total":49,"covered":39,"skipped":0,"pct":79.59},"branches":{"total":31,"covered":20,"skipped":0,"pct":64.51}}
,"/home/alex/Development/nextcloud-dev/mobile/seacheck/src/lib/offline/warmupOfflineEngine.ts": {"lines":{"total":22,"covered":1,"skipped":0,"pct":4.54},"functions":{"total":1,"covered":0,"skipped":0,"pct":0},"statements":{"total":23,"covered":1,"skipped":0,"pct":4.34},"branches":{"total":16,"covered":0,"skipped":0,"pct":0}}
,"/home/alex/Development/nextcloud-dev/mobile/seacheck/src/lib/passage/computeLegs.ts": {"lines":{"total":20,"covered":20,"skipped":0,"pct":100},"functions":{"total":3,"covered":3,"skipped":0,"pct":100},"statements":{"total":22,"covered":22,"skipped":0,"pct":100},"branches":{"total":12,"covered":12,"skipped":0,"pct":100}}
,"/home/alex/Development/nextcloud-dev/mobile/seacheck/src/lib/passage/legArrival.ts": {"lines":{"total":26,"covered":26,"skipped":0,"pct":100},"functions":{"total":4,"covered":4,"skipped":0,"pct":100},"statements":{"total":31,"covered":28,"skipped":0,"pct":90.32},"branches":{"total":18,"covered":15,"skipped":0,"pct":83.33}}
,"/home/alex/Development/nextcloud-dev/mobile/seacheck/src/lib/passage/passageEditorLayoutPolicy.ts": {"lines":{"total":8,"covered":8,"skipped":0,"pct":100},"functions":{"total":1,"covered":1,"skipped":0,"pct":100},"statements":{"total":8,"covered":8,"skipped":0,"pct":100},"branches":{"total":9,"covered":9,"skipped":0,"pct":100}}
,"/home/alex/Development/nextcloud-dev/mobile/seacheck/src/lib/passage/passageMapPlanning.ts": {"lines":{"total":79,"covered":49,"skipped":0,"pct":62.02},"functions":{"total":24,"covered":19,"skipped":0,"pct":79.16},"statements":{"total":92,"covered":54,"skipped":0,"pct":58.69},"branches":{"total":38,"covered":17,"skipped":0,"pct":44.73}}
,"/home/alex/Development/nextcloud-dev/mobile/seacheck/src/lib/passage/reversePassageOrder.ts": {"lines":{"total":11,"covered":11,"skipped":0,"pct":100},"functions":{"total":2,"covered":2,"skipped":0,"pct":100},"statements":{"total":13,"covered":12,"skipped":0,"pct":92.3},"branches":{"total":4,"covered":2,"skipped":0,"pct":50}}
,"/home/alex/Development/nextcloud-dev/mobile/seacheck/src/lib/permissions/batteryOptimization.ts": {"lines":{"total":24,"covered":14,"skipped":0,"pct":58.33},"functions":{"total":4,"covered":3,"skipped":0,"pct":75},"statements":{"total":27,"covered":14,"skipped":0,"pct":51.85},"branches":{"total":12,"covered":6,"skipped":0,"pct":50}}
,"/home/alex/Development/nextcloud-dev/mobile/seacheck/src/lib/permissions/initializeAppServices.ts": {"lines":{"total":15,"covered":0,"skipped":0,"pct":0},"functions":{"total":1,"covered":0,"skipped":0,"pct":0},"statements":{"total":15,"covered":0,"skipped":0,"pct":0},"branches":{"total":9,"covered":0,"skipped":0,"pct":0}}
,"/home/alex/Development/nextcloud-dev/mobile/seacheck/src/lib/permissions/locationPermissionState.ts": {"lines":{"total":10,"covered":8,"skipped":0,"pct":80},"functions":{"total":4,"covered":3,"skipped":0,"pct":75},"statements":{"total":12,"covered":10,"skipped":0,"pct":83.33},"branches":{"total":12,"covered":12,"skipped":0,"pct":100}}
,"/home/alex/Development/nextcloud-dev/mobile/seacheck/src/lib/persist/asyncPersistQueue.ts": {"lines":{"total":6,"covered":6,"skipped":0,"pct":100},"functions":{"total":3,"covered":2,"skipped":0,"pct":66.66},"statements":{"total":7,"covered":7,"skipped":0,"pct":100},"branches":{"total":4,"covered":4,"skipped":0,"pct":100}}
,"/home/alex/Development/nextcloud-dev/mobile/seacheck/src/lib/responsive/splitLayout.ts": {"lines":{"total":13,"covered":13,"skipped":0,"pct":100},"functions":{"total":5,"covered":5,"skipped":0,"pct":100},"statements":{"total":16,"covered":16,"skipped":0,"pct":100},"branches":{"total":18,"covered":18,"skipped":0,"pct":100}}
,"/home/alex/Development/nextcloud-dev/mobile/seacheck/src/lib/seamarks/overpassClient.ts": {"lines":{"total":20,"covered":17,"skipped":0,"pct":85},"functions":{"total":2,"covered":2,"skipped":0,"pct":100},"statements":{"total":25,"covered":20,"skipped":0,"pct":80},"branches":{"total":16,"covered":8,"skipped":0,"pct":50}}
,"/home/alex/Development/nextcloud-dev/mobile/seacheck/src/lib/seamarks/querySeamark.ts": {"lines":{"total":34,"covered":2,"skipped":0,"pct":5.88},"functions":{"total":8,"covered":1,"skipped":0,"pct":12.5},"statements":{"total":44,"covered":2,"skipped":0,"pct":4.54},"branches":{"total":37,"covered":0,"skipped":0,"pct":0}}
,"/home/alex/Development/nextcloud-dev/mobile/seacheck/src/lib/seamarks/seamarkIndex.ts": {"lines":{"total":42,"covered":2,"skipped":0,"pct":4.76},"functions":{"total":7,"covered":0,"skipped":0,"pct":0},"statements":{"total":50,"covered":2,"skipped":0,"pct":4},"branches":{"total":35,"covered":0,"skipped":0,"pct":0}}
,"/home/alex/Development/nextcloud-dev/mobile/seacheck/src/lib/seamarks/seamarkIndexQueue.ts": {"lines":{"total":74,"covered":65,"skipped":0,"pct":87.83},"functions":{"total":20,"covered":15,"skipped":0,"pct":75},"statements":{"total":84,"covered":73,"skipped":0,"pct":86.9},"branches":{"total":38,"covered":29,"skipped":0,"pct":76.31}}
,"/home/alex/Development/nextcloud-dev/mobile/seacheck/src/lib/settings/chartBaseStyle.ts": {"lines":{"total":6,"covered":6,"skipped":0,"pct":100},"functions":{"total":0,"covered":0,"skipped":0,"pct":100},"statements":{"total":6,"covered":6,"skipped":0,"pct":100},"branches":{"total":0,"covered":0,"skipped":0,"pct":100}}
,"/home/alex/Development/nextcloud-dev/mobile/seacheck/src/lib/settings/chartDepthOverlay.ts": {"lines":{"total":32,"covered":32,"skipped":0,"pct":100},"functions":{"total":6,"covered":6,"skipped":0,"pct":100},"statements":{"total":32,"covered":32,"skipped":0,"pct":100},"branches":{"total":8,"covered":8,"skipped":0,"pct":100}}
,"/home/alex/Development/nextcloud-dev/mobile/seacheck/src/lib/settings/coordFormats.ts": {"lines":{"total":6,"covered":6,"skipped":0,"pct":100},"functions":{"total":2,"covered":2,"skipped":0,"pct":100},"statements":{"total":6,"covered":6,"skipped":0,"pct":100},"branches":{"total":0,"covered":0,"skipped":0,"pct":100}}
,"/home/alex/Development/nextcloud-dev/mobile/seacheck/src/lib/settings/courseVectorLabels.ts": {"lines":{"total":4,"covered":4,"skipped":0,"pct":100},"functions":{"total":1,"covered":1,"skipped":0,"pct":100},"statements":{"total":4,"covered":4,"skipped":0,"pct":100},"branches":{"total":3,"covered":3,"skipped":0,"pct":100}}
,"/home/alex/Development/nextcloud-dev/mobile/seacheck/src/lib/settings/depthOverlayEnableConfirm.ts": {"lines":{"total":1,"covered":1,"skipped":0,"pct":100},"functions":{"total":1,"covered":1,"skipped":0,"pct":100},"statements":{"total":1,"covered":1,"skipped":0,"pct":100},"branches":{"total":0,"covered":0,"skipped":0,"pct":100}}
,"/home/alex/Development/nextcloud-dev/mobile/seacheck/src/lib/settings/layoutPreferences.ts": {"lines":{"total":13,"covered":13,"skipped":0,"pct":100},"functions":{"total":5,"covered":5,"skipped":0,"pct":100},"statements":{"total":14,"covered":14,"skipped":0,"pct":100},"branches":{"total":17,"covered":15,"skipped":0,"pct":88.23}}
,"/home/alex/Development/nextcloud-dev/mobile/seacheck/src/lib/settings/mapSettings.ts": {"lines":{"total":20,"covered":20,"skipped":0,"pct":100},"functions":{"total":4,"covered":4,"skipped":0,"pct":100},"statements":{"total":24,"covered":24,"skipped":0,"pct":100},"branches":{"total":17,"covered":17,"skipped":0,"pct":100}}
,"/home/alex/Development/nextcloud-dev/mobile/seacheck/src/lib/settings/normalizeSettingsEnums.ts": {"lines":{"total":8,"covered":8,"skipped":0,"pct":100},"functions":{"total":4,"covered":4,"skipped":0,"pct":100},"statements":{"total":8,"covered":8,"skipped":0,"pct":100},"branches":{"total":20,"covered":20,"skipped":0,"pct":100}}
,"/home/alex/Development/nextcloud-dev/mobile/seacheck/src/lib/settings/parsePersistedBoolean.ts": {"lines":{"total":1,"covered":1,"skipped":0,"pct":100},"functions":{"total":1,"covered":1,"skipped":0,"pct":100},"statements":{"total":1,"covered":1,"skipped":0,"pct":100},"branches":{"total":2,"covered":2,"skipped":0,"pct":100}}
,"/home/alex/Development/nextcloud-dev/mobile/seacheck/src/lib/theme/resolveThemeAppearance.ts": {"lines":{"total":4,"covered":4,"skipped":0,"pct":100},"functions":{"total":2,"covered":2,"skipped":0,"pct":100},"statements":{"total":5,"covered":5,"skipped":0,"pct":100},"branches":{"total":7,"covered":7,"skipped":0,"pct":100}}
,"/home/alex/Development/nextcloud-dev/mobile/seacheck/src/lib/time/formatDateTimeLocal.ts": {"lines":{"total":7,"covered":6,"skipped":0,"pct":85.71},"functions":{"total":2,"covered":2,"skipped":0,"pct":100},"statements":{"total":9,"covered":8,"skipped":0,"pct":88.88},"branches":{"total":8,"covered":5,"skipped":0,"pct":62.5}}
,"/home/alex/Development/nextcloud-dev/mobile/seacheck/src/lib/time/formatElapsed.ts": {"lines":{"total":7,"covered":7,"skipped":0,"pct":100},"functions":{"total":2,"covered":2,"skipped":0,"pct":100},"statements":{"total":9,"covered":9,"skipped":0,"pct":100},"branches":{"total":2,"covered":2,"skipped":0,"pct":100}}
,"/home/alex/Development/nextcloud-dev/mobile/seacheck/src/lib/time/formatEta.ts": {"lines":{"total":8,"covered":8,"skipped":0,"pct":100},"functions":{"total":3,"covered":3,"skipped":0,"pct":100},"statements":{"total":11,"covered":10,"skipped":0,"pct":90.9},"branches":{"total":9,"covered":8,"skipped":0,"pct":88.88}}
,"/home/alex/Development/nextcloud-dev/mobile/seacheck/src/lib/ui/safeLayout.ts": {"lines":{"total":13,"covered":7,"skipped":0,"pct":53.84},"functions":{"total":8,"covered":4,"skipped":0,"pct":50},"statements":{"total":18,"covered":10,"skipped":0,"pct":55.55},"branches":{"total":12,"covered":8,"skipped":0,"pct":66.66}}
,"/home/alex/Development/nextcloud-dev/mobile/seacheck/src/map/chartStyle.ts": {"lines":{"total":29,"covered":6,"skipped":0,"pct":20.68},"functions":{"total":7,"covered":2,"skipped":0,"pct":28.57},"statements":{"total":31,"covered":6,"skipped":0,"pct":19.35},"branches":{"total":15,"covered":6,"skipped":0,"pct":40}}
,"/home/alex/Development/nextcloud-dev/mobile/seacheck/src/map/constants.ts": {"lines":{"total":3,"covered":3,"skipped":0,"pct":100},"functions":{"total":0,"covered":0,"skipped":0,"pct":100},"statements":{"total":3,"covered":3,"skipped":0,"pct":100},"branches":{"total":0,"covered":0,"skipped":0,"pct":100}}
,"/home/alex/Development/nextcloud-dev/mobile/seacheck/src/map/coords.ts": {"lines":{"total":32,"covered":29,"skipped":0,"pct":90.62},"functions":{"total":8,"covered":7,"skipped":0,"pct":87.5},"statements":{"total":40,"covered":33,"skipped":0,"pct":82.5},"branches":{"total":22,"covered":14,"skipped":0,"pct":63.63}}
,"/home/alex/Development/nextcloud-dev/mobile/seacheck/src/map/legacyRegionPacks.ts": {"lines":{"total":4,"covered":3,"skipped":0,"pct":75},"functions":{"total":4,"covered":2,"skipped":0,"pct":50},"statements":{"total":6,"covered":4,"skipped":0,"pct":66.66},"branches":{"total":0,"covered":0,"skipped":0,"pct":100}}
,"/home/alex/Development/nextcloud-dev/mobile/seacheck/src/map/regionPackValidation.ts": {"lines":{"total":8,"covered":7,"skipped":0,"pct":87.5},"functions":{"total":2,"covered":1,"skipped":0,"pct":50},"statements":{"total":8,"covered":7,"skipped":0,"pct":87.5},"branches":{"total":2,"covered":2,"skipped":0,"pct":100}}
,"/home/alex/Development/nextcloud-dev/mobile/seacheck/src/map/regionPacks.ts": {"lines":{"total":3,"covered":3,"skipped":0,"pct":100},"functions":{"total":3,"covered":3,"skipped":0,"pct":100},"statements":{"total":4,"covered":4,"skipped":0,"pct":100},"branches":{"total":2,"covered":1,"skipped":0,"pct":50}}
,"/home/alex/Development/nextcloud-dev/mobile/seacheck/src/map/tileMath.ts": {"lines":{"total":18,"covered":17,"skipped":0,"pct":94.44},"functions":{"total":7,"covered":7,"skipped":0,"pct":100},"statements":{"total":21,"covered":20,"skipped":0,"pct":95.23},"branches":{"total":6,"covered":5,"skipped":0,"pct":83.33}}
,"/home/alex/Development/nextcloud-dev/mobile/seacheck/src/navigation/rootNavigation.ts": {"lines":{"total":3,"covered":2,"skipped":0,"pct":66.66},"functions":{"total":1,"covered":1,"skipped":0,"pct":100},"statements":{"total":4,"covered":3,"skipped":0,"pct":75},"branches":{"total":2,"covered":1,"skipped":0,"pct":50}}
,"/home/alex/Development/nextcloud-dev/mobile/seacheck/src/navigation/tabBarHelpers.ts": {"lines":{"total":9,"covered":8,"skipped":0,"pct":88.88},"functions":{"total":3,"covered":2,"skipped":0,"pct":66.66},"statements":{"total":11,"covered":9,"skipped":0,"pct":81.81},"branches":{"total":6,"covered":5,"skipped":0,"pct":83.33}}
,"/home/alex/Development/nextcloud-dev/mobile/seacheck/src/navigation/tabBarLayout.ts": {"lines":{"total":9,"covered":6,"skipped":0,"pct":66.66},"functions":{"total":2,"covered":1,"skipped":0,"pct":50},"statements":{"total":9,"covered":6,"skipped":0,"pct":66.66},"branches":{"total":2,"covered":0,"skipped":0,"pct":0}}
,"/home/alex/Development/nextcloud-dev/mobile/seacheck/src/services/alarmFeedbackService.ts": {"lines":{"total":70,"covered":4,"skipped":0,"pct":5.71},"functions":{"total":9,"covered":0,"skipped":0,"pct":0},"statements":{"total":82,"covered":4,"skipped":0,"pct":4.87},"branches":{"total":43,"covered":0,"skipped":0,"pct":0}}
,"/home/alex/Development/nextcloud-dev/mobile/seacheck/src/services/backgroundLocationService.ts": {"lines":{"total":88,"covered":6,"skipped":0,"pct":6.81},"functions":{"total":19,"covered":1,"skipped":0,"pct":5.26},"statements":{"total":92,"covered":9,"skipped":0,"pct":9.78},"branches":{"total":40,"covered":9,"skipped":0,"pct":22.5}}
,"/home/alex/Development/nextcloud-dev/mobile/seacheck/src/services/locationService.ts": {"lines":{"total":102,"covered":9,"skipped":0,"pct":8.82},"functions":{"total":28,"covered":3,"skipped":0,"pct":10.71},"statements":{"total":118,"covered":10,"skipped":0,"pct":8.47},"branches":{"total":101,"covered":3,"skipped":0,"pct":2.97}}
,"/home/alex/Development/nextcloud-dev/mobile/seacheck/src/services/maritimeAlarmNotifications.ts": {"lines":{"total":46,"covered":12,"skipped":0,"pct":26.08},"functions":{"total":11,"covered":3,"skipped":0,"pct":27.27},"statements":{"total":50,"covered":12,"skipped":0,"pct":24},"branches":{"total":26,"covered":1,"skipped":0,"pct":3.84}}
,"/home/alex/Development/nextcloud-dev/mobile/seacheck/src/services/trackBackgroundTask.ts": {"lines":{"total":61,"covered":7,"skipped":0,"pct":11.47},"functions":{"total":5,"covered":0,"skipped":0,"pct":0},"statements":{"total":65,"covered":7,"skipped":0,"pct":10.76},"branches":{"total":42,"covered":0,"skipped":0,"pct":0}}
,"/home/alex/Development/nextcloud-dev/mobile/seacheck/src/services/trackLiveTrail.ts": {"lines":{"total":4,"covered":2,"skipped":0,"pct":50},"functions":{"total":2,"covered":1,"skipped":0,"pct":50},"statements":{"total":5,"covered":2,"skipped":0,"pct":40},"branches":{"total":4,"covered":0,"skipped":0,"pct":0}}
,"/home/alex/Development/nextcloud-dev/mobile/seacheck/src/services/trackLocationTaskConstants.ts": {"lines":{"total":1,"covered":1,"skipped":0,"pct":100},"functions":{"total":0,"covered":0,"skipped":0,"pct":100},"statements":{"total":1,"covered":1,"skipped":0,"pct":100},"branches":{"total":0,"covered":0,"skipped":0,"pct":100}}
,"/home/alex/Development/nextcloud-dev/mobile/seacheck/src/settings/defaults.ts": {"lines":{"total":1,"covered":1,"skipped":0,"pct":100},"functions":{"total":0,"covered":0,"skipped":0,"pct":100},"statements":{"total":1,"covered":1,"skipped":0,"pct":100},"branches":{"total":0,"covered":0,"skipped":0,"pct":100}}
,"/home/alex/Development/nextcloud-dev/mobile/seacheck/src/settings/profiles.ts": {"lines":{"total":7,"covered":7,"skipped":0,"pct":100},"functions":{"total":4,"covered":4,"skipped":0,"pct":100},"statements":{"total":9,"covered":9,"skipped":0,"pct":100},"branches":{"total":2,"covered":2,"skipped":0,"pct":100}}
,"/home/alex/Development/nextcloud-dev/mobile/seacheck/src/shell/bootWarningPolicy.ts": {"lines":{"total":3,"covered":3,"skipped":0,"pct":100},"functions":{"total":3,"covered":3,"skipped":0,"pct":100},"statements":{"total":3,"covered":3,"skipped":0,"pct":100},"branches":{"total":2,"covered":2,"skipped":0,"pct":100}}
,"/home/alex/Development/nextcloud-dev/mobile/seacheck/src/shell/installGlobalErrorLogging.ts": {"lines":{"total":11,"covered":11,"skipped":0,"pct":100},"functions":{"total":3,"covered":3,"skipped":0,"pct":100},"statements":{"total":13,"covered":12,"skipped":0,"pct":92.3},"branches":{"total":10,"covered":8,"skipped":0,"pct":80}}
,"/home/alex/Development/nextcloud-dev/mobile/seacheck/src/shell/recoverAfterRenderCrash.ts": {"lines":{"total":8,"covered":8,"skipped":0,"pct":100},"functions":{"total":1,"covered":1,"skipped":0,"pct":100},"statements":{"total":8,"covered":8,"skipped":0,"pct":100},"branches":{"total":4,"covered":4,"skipped":0,"pct":100}}
,"/home/alex/Development/nextcloud-dev/mobile/seacheck/src/store/confirmStore.ts": {"lines":{"total":29,"covered":29,"skipped":0,"pct":100},"functions":{"total":10,"covered":10,"skipped":0,"pct":100},"statements":{"total":30,"covered":30,"skipped":0,"pct":100},"branches":{"total":10,"covered":10,"skipped":0,"pct":100}}
,"/home/alex/Development/nextcloud-dev/mobile/seacheck/src/store/customDownloadStore.ts": {"lines":{"total":59,"covered":51,"skipped":0,"pct":86.44},"functions":{"total":24,"covered":17,"skipped":0,"pct":70.83},"statements":{"total":74,"covered":61,"skipped":0,"pct":82.43},"branches":{"total":34,"covered":26,"skipped":0,"pct":76.47}}
,"/home/alex/Development/nextcloud-dev/mobile/seacheck/src/store/downloadFailureStore.ts": {"lines":{"total":3,"covered":3,"skipped":0,"pct":100},"functions":{"total":3,"covered":3,"skipped":0,"pct":100},"statements":{"total":4,"covered":4,"skipped":0,"pct":100},"branches":{"total":0,"covered":0,"skipped":0,"pct":100}}
,"/home/alex/Development/nextcloud-dev/mobile/seacheck/src/store/feedbackStore.ts": {"lines":{"total":16,"covered":4,"skipped":0,"pct":25},"functions":{"total":7,"covered":1,"skipped":0,"pct":14.28},"statements":{"total":19,"covered":5,"skipped":0,"pct":26.31},"branches":{"total":6,"covered":0,"skipped":0,"pct":0}}
,"/home/alex/Development/nextcloud-dev/mobile/seacheck/src/store/navigationStore.ts": {"lines":{"total":105,"covered":35,"skipped":0,"pct":33.33},"functions":{"total":23,"covered":9,"skipped":0,"pct":39.13},"statements":{"total":120,"covered":40,"skipped":0,"pct":33.33},"branches":{"total":83,"covered":34,"skipped":0,"pct":40.96}}
,"/home/alex/Development/nextcloud-dev/mobile/seacheck/src/store/offlinePackStore.ts": {"lines":{"total":731,"covered":451,"skipped":0,"pct":61.69},"functions":{"total":117,"covered":88,"skipped":0,"pct":75.21},"statements":{"total":856,"covered":494,"skipped":0,"pct":57.71},"branches":{"total":645,"covered":291,"skipped":0,"pct":45.11}}
,"/home/alex/Development/nextcloud-dev/mobile/seacheck/src/store/passageMapPlanningStore.ts": {"lines":{"total":23,"covered":22,"skipped":0,"pct":95.65},"functions":{"total":10,"covered":10,"skipped":0,"pct":100},"statements":{"total":25,"covered":24,"skipped":0,"pct":96},"branches":{"total":8,"covered":5,"skipped":0,"pct":62.5}}
,"/home/alex/Development/nextcloud-dev/mobile/seacheck/src/store/passageStore.ts": {"lines":{"total":175,"covered":2,"skipped":0,"pct":1.14},"functions":{"total":44,"covered":3,"skipped":0,"pct":6.81},"statements":{"total":196,"covered":4,"skipped":0,"pct":2.04},"branches":{"total":100,"covered":0,"skipped":0,"pct":0}}
,"/home/alex/Development/nextcloud-dev/mobile/seacheck/src/store/settingsStore.ts": {"lines":{"total":54,"covered":33,"skipped":0,"pct":61.11},"functions":{"total":13,"covered":7,"skipped":0,"pct":53.84},"statements":{"total":57,"covered":35,"skipped":0,"pct":61.4},"branches":{"total":38,"covered":23,"skipped":0,"pct":60.52}}
,"/home/alex/Development/nextcloud-dev/mobile/seacheck/src/store/trackStore.ts": {"lines":{"total":85,"covered":4,"skipped":0,"pct":4.7},"functions":{"total":26,"covered":1,"skipped":0,"pct":3.84},"statements":{"total":96,"covered":5,"skipped":0,"pct":5.2},"branches":{"total":44,"covered":0,"skipped":0,"pct":0}}
,"/home/alex/Development/nextcloud-dev/mobile/seacheck/src/store/waypointStore.ts": {"lines":{"total":36,"covered":24,"skipped":0,"pct":66.66},"functions":{"total":11,"covered":9,"skipped":0,"pct":81.81},"statements":{"total":42,"covered":29,"skipped":0,"pct":69.04},"branches":{"total":18,"covered":5,"skipped":0,"pct":27.77}}
,"/home/alex/Development/nextcloud-dev/mobile/seacheck/src/theme/ThemeContext.tsx": {"lines":{"total":23,"covered":5,"skipped":0,"pct":21.73},"functions":{"total":7,"covered":0,"skipped":0,"pct":0},"statements":{"total":25,"covered":5,"skipped":0,"pct":20},"branches":{"total":8,"covered":0,"skipped":0,"pct":0}}
,"/home/alex/Development/nextcloud-dev/mobile/seacheck/src/theme/tokens.ts": {"lines":{"total":3,"covered":3,"skipped":0,"pct":100},"functions":{"total":0,"covered":0,"skipped":0,"pct":100},"statements":{"total":3,"covered":3,"skipped":0,"pct":100},"branches":{"total":0,"covered":0,"skipped":0,"pct":100}}
,"/home/alex/Development/nextcloud-dev/mobile/seacheck/src/ui/Button.tsx": {"lines":{"total":7,"covered":1,"skipped":0,"pct":14.28},"functions":{"total":2,"covered":0,"skipped":0,"pct":0},"statements":{"total":7,"covered":1,"skipped":0,"pct":14.28},"branches":{"total":32,"covered":0,"skipped":0,"pct":0}}
,"/home/alex/Development/nextcloud-dev/mobile/seacheck/src/ui/chipTokens.ts": {"lines":{"total":9,"covered":9,"skipped":0,"pct":100},"functions":{"total":4,"covered":4,"skipped":0,"pct":100},"statements":{"total":9,"covered":9,"skipped":0,"pct":100},"branches":{"total":13,"covered":8,"skipped":0,"pct":61.53}}
,"/home/alex/Development/nextcloud-dev/mobile/seacheck/src/ui/instrumentLayout.ts": {"lines":{"total":12,"covered":12,"skipped":0,"pct":100},"functions":{"total":5,"covered":5,"skipped":0,"pct":100},"statements":{"total":12,"covered":12,"skipped":0,"pct":100},"branches":{"total":6,"covered":5,"skipped":0,"pct":83.33}}
,"/home/alex/Development/nextcloud-dev/mobile/seacheck/src/ui/keyboardAware.ts": {"lines":{"total":88,"covered":26,"skipped":0,"pct":29.54},"functions":{"total":23,"covered":5,"skipped":0,"pct":21.73},"statements":{"total":88,"covered":26,"skipped":0,"pct":29.54},"branches":{"total":49,"covered":24,"skipped":0,"pct":48.97}}
,"/home/alex/Development/nextcloud-dev/mobile/seacheck/src/ui/sheetHost.tsx": {"lines":{"total":82,"covered":37,"skipped":0,"pct":45.12},"functions":{"total":30,"covered":10,"skipped":0,"pct":33.33},"statements":{"total":94,"covered":39,"skipped":0,"pct":41.48},"branches":{"total":51,"covered":14,"skipped":0,"pct":27.45}}
}
